<?xml version="1.0" encoding="UTF-8"?>
<!-- Generated by org.testng.reporters.JUnitXMLReporter -->
<testsuite ignored="18" hostname="mindc1d196" failures="0" tests="10" name="Test" time="149.895" errors="0" timestamp="2022-05-20T15:34:55 IST">
  <testcase classname="Testcases.TC10Aboutus" name="About" time="8.279"/>
  <testcase classname="Testcases.TC5trackorder" name="trackorder" time="14.179"/>
  <testcase classname="Testcases.TC8cutomerStory" name="CustomerStory" time="4.357"/>
  <testcase classname="Testcases.TC3loginpage" name="loginpage" time="0.764"/>
  <testcase classname="Testcases.TC6search" name="search" time="3.027"/>
  <testcase classname="Testcases.TC1giftcard" name="giftCard" time="18.751"/>
  <testcase classname="Testcases.TC9address" name="Address1" time="0.096"/>
  <testcase classname="Testcases.TC7help" name="Help1" time="2.456"/>
  <testcase classname="Testcases.TC2gostore" name="stores" time="19.958"/>
  <testcase classname="Testcases.TC4mattresses" name="Mattresses" time="2.582"/>
  <testcase classname="resources.Baseclass" name="@AfterSuite aftersuit" time="0.0">
    <ignored/>
  </testcase> <!-- @AfterSuite aftersuit -->
  <testcase classname="resources.Baseclass" name="@AfterSuite aftersuit" time="0.0">
    <ignored/>
  </testcase> <!-- @AfterSuite aftersuit -->
  <testcase classname="resources.Baseclass" name="@AfterSuite aftersuit" time="0.0">
    <ignored/>
  </testcase> <!-- @AfterSuite aftersuit -->
  <testcase classname="resources.Baseclass" name="@AfterSuite aftersuit" time="0.0">
    <ignored/>
  </testcase> <!-- @AfterSuite aftersuit -->
  <testcase classname="resources.Baseclass" name="@AfterSuite aftersuit" time="0.0">
    <ignored/>
  </testcase> <!-- @AfterSuite aftersuit -->
  <testcase classname="resources.Baseclass" name="@AfterSuite aftersuit" time="0.0">
    <ignored/>
  </testcase> <!-- @AfterSuite aftersuit -->
  <testcase classname="resources.Baseclass" name="@AfterSuite aftersuit" time="0.0">
    <ignored/>
  </testcase> <!-- @AfterSuite aftersuit -->
  <testcase classname="resources.Baseclass" name="@AfterSuite aftersuit" time="0.0">
    <ignored/>
  </testcase> <!-- @AfterSuite aftersuit -->
  <testcase classname="resources.Baseclass" name="@AfterSuite aftersuit" time="0.0">
    <ignored/>
  </testcase> <!-- @AfterSuite aftersuit -->
  <testcase classname="resources.Baseclass" name="@BeforeSuite beforesuit" time="0.0">
    <ignored/>
  </testcase> <!-- @BeforeSuite beforesuit -->
  <testcase classname="resources.Baseclass" name="@BeforeSuite beforesuit" time="0.0">
    <ignored/>
  </testcase> <!-- @BeforeSuite beforesuit -->
  <testcase classname="resources.Baseclass" name="@BeforeSuite beforesuit" time="0.0">
    <ignored/>
  </testcase> <!-- @BeforeSuite beforesuit -->
  <testcase classname="resources.Baseclass" name="@BeforeSuite beforesuit" time="0.0">
    <ignored/>
  </testcase> <!-- @BeforeSuite beforesuit -->
  <testcase classname="resources.Baseclass" name="@BeforeSuite beforesuit" time="0.0">
    <ignored/>
  </testcase> <!-- @BeforeSuite beforesuit -->
  <testcase classname="resources.Baseclass" name="@BeforeSuite beforesuit" time="0.0">
    <ignored/>
  </testcase> <!-- @BeforeSuite beforesuit -->
  <testcase classname="resources.Baseclass" name="@BeforeSuite beforesuit" time="0.0">
    <ignored/>
  </testcase> <!-- @BeforeSuite beforesuit -->
  <testcase classname="resources.Baseclass" name="@BeforeSuite beforesuit" time="0.0">
    <ignored/>
  </testcase> <!-- @BeforeSuite beforesuit -->
  <testcase classname="resources.Baseclass" name="@BeforeSuite beforesuit" time="0.0">
    <ignored/>
  </testcase> <!-- @BeforeSuite beforesuit -->
</testsuite> <!-- Test -->
